<?xml version="1.0" encoding="UTF-8"?>
<!-- Generated by org.testng.reporters.JUnitXMLReporter -->
<testsuite hostname="admin-PC" ignored="0" name="Verify the Shopping page project name and price" tests="1" failures="0" timestamp="30 Jul 2017 07:32:02 GMT" time="195.864" errors="0">
  <testcase name="Add_ProjectToWishListToPayment" time="176.923" classname="com.demo.automation.POMFramework.productpage.TC001_Add_ProjectToWishListToPayment"/>
</testsuite> <!-- Verify the Shopping page project name and price -->
