<?xml version="1.0" encoding="UTF-8"?>
<testsuite name="TestSuite" time="326.997" tests="30" errors="0" skipped="24" failures="2">
  <properties>
[...]
</properties>
  <testcase name="verifyLoginwithInvalidCredentials" classname="com.demo.automation.POMFramework.homepage.TC001_VerifyLoginwithInvalidCredentials" time="10.168"/>
  <testcase name="verifyNewUserRegistration" classname="com.demo.automation.POMFramework.homepage.TC002_VerifyNewUserRegistration" time="0.051">
    <failure message="Session ID is null. Using WebDriver after calling quit()?&#10;Build info: version: &apos;3.1.0&apos;, revision: &apos;b94c902&apos;, time: &apos;2017-02-16 12:21:31 -0800&apos;&#10;System info: host: &apos;ADMIN-PC&apos;, ip: &apos;169.254.230.1&apos;, os.name: &apos;Windows 7&apos;, os.arch: &apos;amd64&apos;, os.version: &apos;6.1&apos;, java.version: &apos;1.8.0_71&apos;&#10;Driver info: driver.version: RemoteWebDriver" type="org.openqa.selenium.NoSuchSessionException">org.openqa.selenium.NoSuchSessionException: Session ID is null. Using WebDriver after calling quit()?
Build info: version: '3.1.0', revision: 'b94c902', time: '2017-02-16 12:21:31 -0800'
System info: host: 'ADMIN-PC', ip: '169.254.230.1', os.name: 'Windows 7', os.arch: 'amd64', os.version: '6.1', java.version: '1.8.0_71'
Driver info: driver.version: RemoteWebDriver
	at org.openqa.selenium.remote.HttpCommandExecutor.execute(HttpCommandExecutor.java:130)
	at org.openqa.selenium.remote.service.DriverCommandExecutor.execute(DriverCommandExecutor.java:82)
	at org.openqa.selenium.remote.RemoteWebDriver.execute(RemoteWebDriver.java:601)
	at org.openqa.selenium.remote.RemoteWebDriver.findElement(RemoteWebDriver.java:368)
	at org.openqa.selenium.remote.RemoteWebDriver.findElementByXPath(RemoteWebDriver.java:473)
	at org.openqa.selenium.By$ByXPath.findElement(By.java:361)
	at org.openqa.selenium.remote.RemoteWebDriver.findElement(RemoteWebDriver.java:360)
	at org.openqa.selenium.support.pagefactory.DefaultElementLocator.findElement(DefaultElementLocator.java:69)
	at org.openqa.selenium.support.pagefactory.internal.LocatingElementHandler.invoke(LocatingElementHandler.java:38)
	at com.sun.proxy.$Proxy9.getCoordinates(Unknown Source)
	at org.openqa.selenium.interactions.internal.MouseAction.getActionLocation(MouseAction.java:51)
	at org.openqa.selenium.interactions.MoveMouseAction.perform(MoveMouseAction.java:39)
	at org.openqa.selenium.interactions.CompositeAction.perform(CompositeAction.java:34)
	at com.demo.automation.POMFramework.uiActions.HomePage.moveCursor(HomePage.java:201)
	at com.demo.automation.POMFramework.uiActions.HomePage.new_userLogin(HomePage.java:138)
	at com.demo.automation.POMFramework.homepage.TC002_VerifyNewUserRegistration.verifyNewUserRegistration(TC002_VerifyNewUserRegistration.java:37)
</failure>
    <system-out><![CDATA[2017-07-30 12:55:57 INFO  TestBase:208 - Test is Ended
2017-07-30 12:55:58 INFO  TestBase:199 - Report is Started
2017-07-30 12:55:58 INFO  TC002_VerifyNewUserRegistration:34 - --------------Starting Sign up page test-------------------- 
]]></system-out>
  </testcase>
  <testcase name="aftermethod" classname="com.demo.automation.POMFramework.homepage.TC002_VerifyNewUserRegistration" time="0.064">
    <failure message="Session ID is null. Using WebDriver after calling quit()?&#10;Build info: version: &apos;3.1.0&apos;, revision: &apos;b94c902&apos;, time: &apos;2017-02-16 12:21:31 -0800&apos;&#10;System info: host: &apos;ADMIN-PC&apos;, ip: &apos;169.254.230.1&apos;, os.name: &apos;Windows 7&apos;, os.arch: &apos;amd64&apos;, os.version: &apos;6.1&apos;, java.version: &apos;1.8.0_71&apos;&#10;Driver info: driver.version: RemoteWebDriver" type="org.openqa.selenium.NoSuchSessionException">org.openqa.selenium.NoSuchSessionException: Session ID is null. Using WebDriver after calling quit()?
Build info: version: '3.1.0', revision: 'b94c902', time: '2017-02-16 12:21:31 -0800'
System info: host: 'ADMIN-PC', ip: '169.254.230.1', os.name: 'Windows 7', os.arch: 'amd64', os.version: '6.1', java.version: '1.8.0_71'
Driver info: driver.version: RemoteWebDriver
	at org.openqa.selenium.remote.HttpCommandExecutor.execute(HttpCommandExecutor.java:130)
	at org.openqa.selenium.remote.service.DriverCommandExecutor.execute(DriverCommandExecutor.java:82)
	at org.openqa.selenium.remote.RemoteWebDriver.execute(RemoteWebDriver.java:601)
	at org.openqa.selenium.remote.RemoteWebDriver.execute(RemoteWebDriver.java:658)
	at org.openqa.selenium.remote.RemoteWebDriver.getScreenshotAs(RemoteWebDriver.java:340)
	at com.demo.automation.POMFramework.testBase.TestBase.catureScreen(TestBase.java:222)
	at com.demo.automation.POMFramework.testBase.TestBase.getStatus(TestBase.java:179)
	at com.demo.automation.POMFramework.testBase.TestBase.aftermethod(TestBase.java:192)
	at sun.reflect.NativeMethodAccessorImpl.invoke0(Native Method)
	at sun.reflect.NativeMethodAccessorImpl.invoke(NativeMethodAccessorImpl.java:62)
	at sun.reflect.DelegatingMethodAccessorImpl.invoke(DelegatingMethodAccessorImpl.java:43)
	at java.lang.reflect.Method.invoke(Method.java:497)
	at org.testng.internal.MethodInvocationHelper.invokeMethod(MethodInvocationHelper.java:104)
	at org.testng.internal.Invoker.invokeConfigurationMethod(Invoker.java:515)
	at org.testng.internal.Invoker.invokeConfigurations(Invoker.java:217)
	at org.testng.internal.Invoker.invokeMethod(Invoker.java:712)
	at org.testng.internal.Invoker.invokeTestMethod(Invoker.java:851)
	at org.testng.internal.Invoker.invokeTestMethods(Invoker.java:1177)
	at org.testng.internal.TestMethodWorker.invokeTestMethods(TestMethodWorker.java:129)
	at org.testng.internal.TestMethodWorker.run(TestMethodWorker.java:112)
	at org.testng.TestRunner.privateRun(TestRunner.java:756)
	at org.testng.TestRunner.run(TestRunner.java:610)
	at org.testng.SuiteRunner.runTest(SuiteRunner.java:387)
	at org.testng.SuiteRunner.runSequentially(SuiteRunner.java:382)
	at org.testng.SuiteRunner.privateRun(SuiteRunner.java:340)
	at org.testng.SuiteRunner.run(SuiteRunner.java:289)
	at org.testng.SuiteRunnerWorker.runSuite(SuiteRunnerWorker.java:52)
	at org.testng.SuiteRunnerWorker.run(SuiteRunnerWorker.java:86)
	at org.testng.TestNG.runSuitesSequentially(TestNG.java:1293)
	at org.testng.TestNG.runSuitesSequentially(TestNG.java:1289)
	at org.testng.TestNG.runSuitesLocally(TestNG.java:1218)
	at org.testng.TestNG.runSuites(TestNG.java:1133)
	at org.testng.TestNG.run(TestNG.java:1104)
	at org.apache.maven.surefire.testng.TestNGExecutor.run(TestNGExecutor.java:295)
	at org.apache.maven.surefire.testng.TestNGXmlTestSuite.execute(TestNGXmlTestSuite.java:84)
	at org.apache.maven.surefire.testng.TestNGProvider.invoke(TestNGProvider.java:90)
	at org.apache.maven.surefire.booter.ForkedBooter.invokeProviderInSameClassLoader(ForkedBooter.java:203)
	at org.apache.maven.surefire.booter.ForkedBooter.runSuitesInProcess(ForkedBooter.java:155)
	at org.apache.maven.surefire.booter.ForkedBooter.main(ForkedBooter.java:103)
</failure>
  </testcase>
  <testcase name="endSetUp" classname="com.demo.automation.POMFramework.homepage.TC002_VerifyNewUserRegistration" time="0">
    <skipped/>
  </testcase>
  <testcase name="endTesting" classname="com.demo.automation.POMFramework.homepage.TC002_VerifyNewUserRegistration" time="0">
    <skipped/>
  </testcase>
  <testcase name="beforemethod" classname="com.demo.automation.POMFramework.homepage.TC003_VerifyLoginWithDifferentRecords" time="0">
    <skipped/>
  </testcase>
  <testcase name="beforemethod" classname="com.demo.automation.POMFramework.homepage.TC003_VerifyLoginWithDifferentRecords" time="0">
    <skipped/>
  </testcase>
  <testcase name="beforemethod" classname="com.demo.automation.POMFramework.homepage.TC003_VerifyLoginWithDifferentRecords" time="0">
    <skipped/>
  </testcase>
  <testcase name="beforemethod" classname="com.demo.automation.POMFramework.homepage.TC003_VerifyLoginWithDifferentRecords" time="0">
    <skipped/>
  </testcase>
  <testcase name="beforemethod" classname="com.demo.automation.POMFramework.homepage.TC003_VerifyLoginWithDifferentRecords" time="0">
    <skipped/>
  </testcase>
  <testcase name="beforemethod" classname="com.demo.automation.POMFramework.homepage.TC003_VerifyLoginWithDifferentRecords" time="0">
    <skipped/>
  </testcase>
  <testcase name="beforemethod" classname="com.demo.automation.POMFramework.homepage.TC003_VerifyLoginWithDifferentRecords" time="0">
    <skipped/>
  </testcase>
  <testcase name="VerifyLoginWithDifferentRecords" classname="com.demo.automation.POMFramework.homepage.TC003_VerifyLoginWithDifferentRecords" time="0">
    <skipped/>
  </testcase>
  <testcase name="VerifyLoginWithDifferentRecords" classname="com.demo.automation.POMFramework.homepage.TC003_VerifyLoginWithDifferentRecords" time="0">
    <skipped/>
  </testcase>
  <testcase name="VerifyLoginWithDifferentRecords" classname="com.demo.automation.POMFramework.homepage.TC003_VerifyLoginWithDifferentRecords" time="0">
    <skipped/>
  </testcase>
  <testcase name="VerifyLoginWithDifferentRecords" classname="com.demo.automation.POMFramework.homepage.TC003_VerifyLoginWithDifferentRecords" time="0">
    <skipped/>
  </testcase>
  <testcase name="VerifyLoginWithDifferentRecords" classname="com.demo.automation.POMFramework.homepage.TC003_VerifyLoginWithDifferentRecords" time="0">
    <skipped/>
  </testcase>
  <testcase name="VerifyLoginWithDifferentRecords" classname="com.demo.automation.POMFramework.homepage.TC003_VerifyLoginWithDifferentRecords" time="0">
    <skipped/>
  </testcase>
  <testcase name="VerifyLoginWithDifferentRecords" classname="com.demo.automation.POMFramework.homepage.TC003_VerifyLoginWithDifferentRecords" time="0">
    <skipped/>
  </testcase>
  <testcase name="aftermethod" classname="com.demo.automation.POMFramework.homepage.TC003_VerifyLoginWithDifferentRecords" time="0">
    <skipped/>
  </testcase>
  <testcase name="aftermethod" classname="com.demo.automation.POMFramework.homepage.TC003_VerifyLoginWithDifferentRecords" time="0">
    <skipped/>
  </testcase>
  <testcase name="aftermethod" classname="com.demo.automation.POMFramework.homepage.TC003_VerifyLoginWithDifferentRecords" time="0">
    <skipped/>
  </testcase>
  <testcase name="aftermethod" classname="com.demo.automation.POMFramework.homepage.TC003_VerifyLoginWithDifferentRecords" time="0">
    <skipped/>
  </testcase>
  <testcase name="aftermethod" classname="com.demo.automation.POMFramework.homepage.TC003_VerifyLoginWithDifferentRecords" time="0">
    <skipped/>
  </testcase>
  <testcase name="aftermethod" classname="com.demo.automation.POMFramework.homepage.TC003_VerifyLoginWithDifferentRecords" time="0">
    <skipped/>
  </testcase>
  <testcase name="aftermethod" classname="com.demo.automation.POMFramework.homepage.TC003_VerifyLoginWithDifferentRecords" time="0">
    <skipped/>
  </testcase>
  <testcase name="endTesting" classname="com.demo.automation.POMFramework.homepage.TC003_VerifyLoginWithDifferentRecords" time="0">
    <skipped/>
  </testcase>
  <testcase name="Add_ProjectsToCart" classname="com.demo.automation.POMFramework.listingpage.TC001_Add_ProjectsToCart" time="82.844"/>
  <testcase name="Add_MultipleProjectIntoCart" classname="com.demo.automation.POMFramework.listingpage.TC002_Add_MultipleProjectIntoCart" time="56.948"/>
  <testcase name="Add_ProjectToWishListToPayment" classname="com.demo.automation.POMFramework.productpage.TC001_Add_ProjectToWishListToPayment" time="176.922"/>
</testsuite>