<?xml version="1.0" encoding="UTF-8"?>
<testng-results skipped="0" failed="0" ignored="0" total="0" passed="0">
  <reporter-output>
  </reporter-output>
  <suite name="com.demo.automation.POMFramework.AppTest" duration-ms="4" started-at="2017-06-28T13:34:42Z" finished-at="2017-06-28T13:34:42Z">
    <groups>
    </groups>
    <test name="Command line test" duration-ms="4" started-at="2017-06-28T13:34:42Z" finished-at="2017-06-28T13:34:42Z">
    </test> <!-- Command line test -->
  </suite> <!-- com.demo.automation.POMFramework.AppTest -->
</testng-results>
