<?xml version="1.0" encoding="UTF-8"?>
<testng-results skipped="4" failed="0" ignored="0" total="7" passed="3">
  <reporter-output>
    <line>
      <![CDATA[Automation test is Start, Test name is: Sign up Test]]>
    </line>
    <line>
      <![CDATA[Automation test is Start, Test name is: testLogin]]>
    </line>
    <line>
      <![CDATA[Automation test is Start, Test name is: testLogin]]>
    </line>
    <line>
      <![CDATA[Automation test is Start, Test name is: testLogin]]>
    </line>
    <line>
      <![CDATA[Automation test is Start, Test name is: testLogin]]>
    </line>
  </reporter-output>
  <suite name="Regression Test" duration-ms="62720" started-at="2017-06-29T17:05:38Z" finished-at="2017-06-29T17:06:41Z">
    <groups>
    </groups>
    <test name="Sign up Test" duration-ms="62720" started-at="2017-06-29T17:05:38Z" finished-at="2017-06-29T17:06:41Z">
      <class name="com.demo.automation.POMFramework.homepage.TC003_VerifyLoginWithDifferentRecords">
        <test-method status="PASS" signature="setUp()[pri:0, instance:com.demo.automation.POMFramework.homepage.TC003_VerifyLoginWithDifferentRecords@3159c4b8]" name="setUp" is-config="true" duration-ms="49373" started-at="2017-06-29T22:35:38Z" finished-at="2017-06-29T22:36:27Z">
          <reporter-output>
          </reporter-output>
        </test-method> <!-- setUp -->
        <test-method status="PASS" signature="testLogin(java.lang.String, java.lang.String, java.lang.String)[pri:0, instance:com.demo.automation.POMFramework.homepage.TC003_VerifyLoginWithDifferentRecords@3159c4b8]" name="testLogin" duration-ms="4063" started-at="2017-06-29T22:36:28Z" data-provider="loginData" finished-at="2017-06-29T22:36:32Z">
          <params>
            <param index="0">
              <value>
                <![CDATA[automation@gmail.com]]>
              </value>
            </param>
            <param index="1">
              <value>
                <![CDATA[password]]>
              </value>
            </param>
            <param index="2">
              <value>
                <![CDATA[y]]>
              </value>
            </param>
          </params>
          <reporter-output>
          </reporter-output>
        </test-method> <!-- testLogin -->
        <test-method status="PASS" signature="testLogin(java.lang.String, java.lang.String, java.lang.String)[pri:0, instance:com.demo.automation.POMFramework.homepage.TC003_VerifyLoginWithDifferentRecords@3159c4b8]" name="testLogin" duration-ms="2191" started-at="2017-06-29T22:36:34Z" data-provider="loginData" finished-at="2017-06-29T22:36:36Z">
          <params>
            <param index="0">
              <value>
                <![CDATA[automation@gmail.com]]>
              </value>
            </param>
            <param index="1">
              <value>
                <![CDATA[password]]>
              </value>
            </param>
            <param index="2">
              <value>
                <![CDATA[y]]>
              </value>
            </param>
          </params>
          <reporter-output>
          </reporter-output>
        </test-method> <!-- testLogin -->
        <test-method status="SKIP" signature="testLogin(java.lang.String, java.lang.String, java.lang.String)[pri:0, instance:com.demo.automation.POMFramework.homepage.TC003_VerifyLoginWithDifferentRecords@3159c4b8]" name="testLogin" duration-ms="7" started-at="2017-06-29T22:36:38Z" data-provider="loginData" finished-at="2017-06-29T22:36:38Z">
          <params>
            <param index="0">
              <value>
                <![CDATA[automation@gmail.com]]>
              </value>
            </param>
            <param index="1">
              <value>
                <![CDATA[password]]>
              </value>
            </param>
            <param index="2">
              <value>
                <![CDATA[n]]>
              </value>
            </param>
          </params>
          <exception class="org.testng.SkipException">
            <message>
              <![CDATA[this test case runmode is no]]>
            </message>
            <full-stacktrace>
              <![CDATA[org.testng.SkipException: this test case runmode is no
	at com.demo.automation.POMFramework.homepage.TC003_VerifyLoginWithDifferentRecords.testLogin(TC003_VerifyLoginWithDifferentRecords.java:39)
	at sun.reflect.NativeMethodAccessorImpl.invoke0(Native Method)
	at sun.reflect.NativeMethodAccessorImpl.invoke(NativeMethodAccessorImpl.java:62)
	at sun.reflect.DelegatingMethodAccessorImpl.invoke(DelegatingMethodAccessorImpl.java:43)
	at java.lang.reflect.Method.invoke(Method.java:497)
	at org.testng.internal.MethodInvocationHelper.invokeMethod(MethodInvocationHelper.java:108)
	at org.testng.internal.Invoker.invokeMethod(Invoker.java:661)
	at org.testng.internal.Invoker.invokeTestMethod(Invoker.java:869)
	at org.testng.internal.Invoker.invokeTestMethods(Invoker.java:1193)
	at org.testng.internal.TestMethodWorker.invokeTestMethods(TestMethodWorker.java:126)
	at org.testng.internal.TestMethodWorker.run(TestMethodWorker.java:109)
	at org.testng.TestRunner.privateRun(TestRunner.java:744)
	at org.testng.TestRunner.run(TestRunner.java:602)
	at org.testng.SuiteRunner.runTest(SuiteRunner.java:380)
	at org.testng.SuiteRunner.runSequentially(SuiteRunner.java:375)
	at org.testng.SuiteRunner.privateRun(SuiteRunner.java:340)
	at org.testng.SuiteRunner.run(SuiteRunner.java:289)
	at org.testng.SuiteRunnerWorker.runSuite(SuiteRunnerWorker.java:52)
	at org.testng.SuiteRunnerWorker.run(SuiteRunnerWorker.java:86)
	at org.testng.TestNG.runSuitesSequentially(TestNG.java:1301)
	at org.testng.TestNG.runSuitesLocally(TestNG.java:1226)
	at org.testng.TestNG.runSuites(TestNG.java:1144)
	at org.testng.TestNG.run(TestNG.java:1115)
	at org.testng.remote.AbstractRemoteTestNG.run(AbstractRemoteTestNG.java:132)
	at org.testng.remote.RemoteTestNG.initAndRun(RemoteTestNG.java:230)
	at org.testng.remote.RemoteTestNG.main(RemoteTestNG.java:76)
]]>
            </full-stacktrace>
          </exception> <!-- org.testng.SkipException -->
          <reporter-output>
            <line>
              <![CDATA[Automation test is Start, Test name is: testLogin]]>
            </line>
          </reporter-output>
        </test-method> <!-- testLogin -->
        <test-method status="SKIP" signature="testLogin(java.lang.String, java.lang.String, java.lang.String)[pri:0, instance:com.demo.automation.POMFramework.homepage.TC003_VerifyLoginWithDifferentRecords@3159c4b8]" name="testLogin" duration-ms="4" started-at="2017-06-29T22:36:38Z" data-provider="loginData" finished-at="2017-06-29T22:36:38Z">
          <params>
            <param index="0">
              <value>
                <![CDATA[automation@gmail.com]]>
              </value>
            </param>
            <param index="1">
              <value>
                <![CDATA[password]]>
              </value>
            </param>
            <param index="2">
              <value>
                <![CDATA[n]]>
              </value>
            </param>
          </params>
          <exception class="org.testng.SkipException">
            <message>
              <![CDATA[this test case runmode is no]]>
            </message>
            <full-stacktrace>
              <![CDATA[org.testng.SkipException: this test case runmode is no
	at com.demo.automation.POMFramework.homepage.TC003_VerifyLoginWithDifferentRecords.testLogin(TC003_VerifyLoginWithDifferentRecords.java:39)
	at sun.reflect.NativeMethodAccessorImpl.invoke0(Native Method)
	at sun.reflect.NativeMethodAccessorImpl.invoke(NativeMethodAccessorImpl.java:62)
	at sun.reflect.DelegatingMethodAccessorImpl.invoke(DelegatingMethodAccessorImpl.java:43)
	at java.lang.reflect.Method.invoke(Method.java:497)
	at org.testng.internal.MethodInvocationHelper.invokeMethod(MethodInvocationHelper.java:108)
	at org.testng.internal.Invoker.invokeMethod(Invoker.java:661)
	at org.testng.internal.Invoker.invokeTestMethod(Invoker.java:869)
	at org.testng.internal.Invoker.invokeTestMethods(Invoker.java:1193)
	at org.testng.internal.TestMethodWorker.invokeTestMethods(TestMethodWorker.java:126)
	at org.testng.internal.TestMethodWorker.run(TestMethodWorker.java:109)
	at org.testng.TestRunner.privateRun(TestRunner.java:744)
	at org.testng.TestRunner.run(TestRunner.java:602)
	at org.testng.SuiteRunner.runTest(SuiteRunner.java:380)
	at org.testng.SuiteRunner.runSequentially(SuiteRunner.java:375)
	at org.testng.SuiteRunner.privateRun(SuiteRunner.java:340)
	at org.testng.SuiteRunner.run(SuiteRunner.java:289)
	at org.testng.SuiteRunnerWorker.runSuite(SuiteRunnerWorker.java:52)
	at org.testng.SuiteRunnerWorker.run(SuiteRunnerWorker.java:86)
	at org.testng.TestNG.runSuitesSequentially(TestNG.java:1301)
	at org.testng.TestNG.runSuitesLocally(TestNG.java:1226)
	at org.testng.TestNG.runSuites(TestNG.java:1144)
	at org.testng.TestNG.run(TestNG.java:1115)
	at org.testng.remote.AbstractRemoteTestNG.run(AbstractRemoteTestNG.java:132)
	at org.testng.remote.RemoteTestNG.initAndRun(RemoteTestNG.java:230)
	at org.testng.remote.RemoteTestNG.main(RemoteTestNG.java:76)
]]>
            </full-stacktrace>
          </exception> <!-- org.testng.SkipException -->
          <reporter-output>
            <line>
              <![CDATA[Automation test is Start, Test name is: testLogin]]>
            </line>
          </reporter-output>
        </test-method> <!-- testLogin -->
        <test-method status="SKIP" signature="testLogin(java.lang.String, java.lang.String, java.lang.String)[pri:0, instance:com.demo.automation.POMFramework.homepage.TC003_VerifyLoginWithDifferentRecords@3159c4b8]" name="testLogin" duration-ms="6" started-at="2017-06-29T22:36:38Z" data-provider="loginData" finished-at="2017-06-29T22:36:38Z">
          <params>
            <param index="0">
              <value>
                <![CDATA[automation@gmail.com]]>
              </value>
            </param>
            <param index="1">
              <value>
                <![CDATA[password]]>
              </value>
            </param>
            <param index="2">
              <value>
                <![CDATA[n]]>
              </value>
            </param>
          </params>
          <exception class="org.testng.SkipException">
            <message>
              <![CDATA[this test case runmode is no]]>
            </message>
            <full-stacktrace>
              <![CDATA[org.testng.SkipException: this test case runmode is no
	at com.demo.automation.POMFramework.homepage.TC003_VerifyLoginWithDifferentRecords.testLogin(TC003_VerifyLoginWithDifferentRecords.java:39)
	at sun.reflect.NativeMethodAccessorImpl.invoke0(Native Method)
	at sun.reflect.NativeMethodAccessorImpl.invoke(NativeMethodAccessorImpl.java:62)
	at sun.reflect.DelegatingMethodAccessorImpl.invoke(DelegatingMethodAccessorImpl.java:43)
	at java.lang.reflect.Method.invoke(Method.java:497)
	at org.testng.internal.MethodInvocationHelper.invokeMethod(MethodInvocationHelper.java:108)
	at org.testng.internal.Invoker.invokeMethod(Invoker.java:661)
	at org.testng.internal.Invoker.invokeTestMethod(Invoker.java:869)
	at org.testng.internal.Invoker.invokeTestMethods(Invoker.java:1193)
	at org.testng.internal.TestMethodWorker.invokeTestMethods(TestMethodWorker.java:126)
	at org.testng.internal.TestMethodWorker.run(TestMethodWorker.java:109)
	at org.testng.TestRunner.privateRun(TestRunner.java:744)
	at org.testng.TestRunner.run(TestRunner.java:602)
	at org.testng.SuiteRunner.runTest(SuiteRunner.java:380)
	at org.testng.SuiteRunner.runSequentially(SuiteRunner.java:375)
	at org.testng.SuiteRunner.privateRun(SuiteRunner.java:340)
	at org.testng.SuiteRunner.run(SuiteRunner.java:289)
	at org.testng.SuiteRunnerWorker.runSuite(SuiteRunnerWorker.java:52)
	at org.testng.SuiteRunnerWorker.run(SuiteRunnerWorker.java:86)
	at org.testng.TestNG.runSuitesSequentially(TestNG.java:1301)
	at org.testng.TestNG.runSuitesLocally(TestNG.java:1226)
	at org.testng.TestNG.runSuites(TestNG.java:1144)
	at org.testng.TestNG.run(TestNG.java:1115)
	at org.testng.remote.AbstractRemoteTestNG.run(AbstractRemoteTestNG.java:132)
	at org.testng.remote.RemoteTestNG.initAndRun(RemoteTestNG.java:230)
	at org.testng.remote.RemoteTestNG.main(RemoteTestNG.java:76)
]]>
            </full-stacktrace>
          </exception> <!-- org.testng.SkipException -->
          <reporter-output>
            <line>
              <![CDATA[Automation test is Start, Test name is: testLogin]]>
            </line>
          </reporter-output>
        </test-method> <!-- testLogin -->
        <test-method status="SKIP" signature="testLogin(java.lang.String, java.lang.String, java.lang.String)[pri:0, instance:com.demo.automation.POMFramework.homepage.TC003_VerifyLoginWithDifferentRecords@3159c4b8]" name="testLogin" duration-ms="6" started-at="2017-06-29T22:36:38Z" data-provider="loginData" finished-at="2017-06-29T22:36:38Z">
          <params>
            <param index="0">
              <value>
                <![CDATA[automation@gmail.com]]>
              </value>
            </param>
            <param index="1">
              <value>
                <![CDATA[password]]>
              </value>
            </param>
            <param index="2">
              <value>
                <![CDATA[n]]>
              </value>
            </param>
          </params>
          <exception class="org.testng.SkipException">
            <message>
              <![CDATA[this test case runmode is no]]>
            </message>
            <full-stacktrace>
              <![CDATA[org.testng.SkipException: this test case runmode is no
	at com.demo.automation.POMFramework.homepage.TC003_VerifyLoginWithDifferentRecords.testLogin(TC003_VerifyLoginWithDifferentRecords.java:39)
	at sun.reflect.NativeMethodAccessorImpl.invoke0(Native Method)
	at sun.reflect.NativeMethodAccessorImpl.invoke(NativeMethodAccessorImpl.java:62)
	at sun.reflect.DelegatingMethodAccessorImpl.invoke(DelegatingMethodAccessorImpl.java:43)
	at java.lang.reflect.Method.invoke(Method.java:497)
	at org.testng.internal.MethodInvocationHelper.invokeMethod(MethodInvocationHelper.java:108)
	at org.testng.internal.Invoker.invokeMethod(Invoker.java:661)
	at org.testng.internal.Invoker.invokeTestMethod(Invoker.java:869)
	at org.testng.internal.Invoker.invokeTestMethods(Invoker.java:1193)
	at org.testng.internal.TestMethodWorker.invokeTestMethods(TestMethodWorker.java:126)
	at org.testng.internal.TestMethodWorker.run(TestMethodWorker.java:109)
	at org.testng.TestRunner.privateRun(TestRunner.java:744)
	at org.testng.TestRunner.run(TestRunner.java:602)
	at org.testng.SuiteRunner.runTest(SuiteRunner.java:380)
	at org.testng.SuiteRunner.runSequentially(SuiteRunner.java:375)
	at org.testng.SuiteRunner.privateRun(SuiteRunner.java:340)
	at org.testng.SuiteRunner.run(SuiteRunner.java:289)
	at org.testng.SuiteRunnerWorker.runSuite(SuiteRunnerWorker.java:52)
	at org.testng.SuiteRunnerWorker.run(SuiteRunnerWorker.java:86)
	at org.testng.TestNG.runSuitesSequentially(TestNG.java:1301)
	at org.testng.TestNG.runSuitesLocally(TestNG.java:1226)
	at org.testng.TestNG.runSuites(TestNG.java:1144)
	at org.testng.TestNG.run(TestNG.java:1115)
	at org.testng.remote.AbstractRemoteTestNG.run(AbstractRemoteTestNG.java:132)
	at org.testng.remote.RemoteTestNG.initAndRun(RemoteTestNG.java:230)
	at org.testng.remote.RemoteTestNG.main(RemoteTestNG.java:76)
]]>
            </full-stacktrace>
          </exception> <!-- org.testng.SkipException -->
          <reporter-output>
            <line>
              <![CDATA[Automation test is Start, Test name is: testLogin]]>
            </line>
          </reporter-output>
        </test-method> <!-- testLogin -->
        <test-method status="PASS" signature="testLogin(java.lang.String, java.lang.String, java.lang.String)[pri:0, instance:com.demo.automation.POMFramework.homepage.TC003_VerifyLoginWithDifferentRecords@3159c4b8]" name="testLogin" duration-ms="1682" started-at="2017-06-29T22:36:38Z" data-provider="loginData" finished-at="2017-06-29T22:36:39Z">
          <params>
            <param index="0">
              <value>
                <![CDATA[automation@gmail.com]]>
              </value>
            </param>
            <param index="1">
              <value>
                <![CDATA[password]]>
              </value>
            </param>
            <param index="2">
              <value>
                <![CDATA[y]]>
              </value>
            </param>
          </params>
          <reporter-output>
          </reporter-output>
        </test-method> <!-- testLogin -->
        <test-method status="PASS" signature="endTest()[pri:0, instance:com.demo.automation.POMFramework.homepage.TC003_VerifyLoginWithDifferentRecords@3159c4b8]" name="endTest" is-config="true" duration-ms="55" started-at="2017-06-29T22:36:41Z" finished-at="2017-06-29T22:36:41Z">
          <reporter-output>
          </reporter-output>
        </test-method> <!-- endTest -->
      </class> <!-- com.demo.automation.POMFramework.homepage.TC003_VerifyLoginWithDifferentRecords -->
    </test> <!-- Sign up Test -->
  </suite> <!-- Regression Test -->
</testng-results>
