<?xml version="1.0" encoding="UTF-8"?>
<!-- Generated by org.testng.reporters.JUnitXMLReporter -->
<testsuite hostname="admin-PC" ignored="0" name="Listing page verification" tests="2" failures="0" timestamp="30 Jul 2017 05:06:31 GMT" time="87.977" errors="0">
  <testcase name="Add_ProjectsToCart" time="14.091" classname="com.demo.automation.POMFramework.listingpage.TC001_Add_ProjectsToCart"/>
  <testcase name="Add_MultipleProjectIntoCart" time="50.504" classname="com.demo.automation.POMFramework.listingpage.TC002_Add_MultipleProjectIntoCart"/>
</testsuite> <!-- Listing page verification -->
